20110727 03:32:58 GMT:  New Files detected

20110727 03:33:00 GMT:  New Files detected

20110727 03:33:24 GMT:  New Files detected

20110727 03:34:05 GMT:  New Files detected

20110727 03:36:20 GMT:  New Files detected

20110727 03:47:06 GMT: No files selected for centroiding

20110727 18:49:47 GMT: * Done Centroiding.

20110727 18:49:47 GMT: * Averaging list: /u1/tom/shwfs/datadir_20110727/manual_wfs_0000.dao

20110727 18:49:47 GMT: * pwd is /u1/tom/shwfs/datadir_20110727

20110727 18:49:47 GMT: * Done Averaging--> /u1/tom/shwfs/datadir_20110727/manual_wfs_0000.dao.av

20110727 18:49:47 GMT: * Finding aberrations for /u1/tom/shwfs/datadir_20110727/manual_wfs_0000.dao.av

20110727 18:49:47 GMT: * linked spots: 143 link

20110727 18:49:47 GMT: * Aberration routines finished.

20110727 18:49:47 GMT: * Displaying Zernike coeffs for /u1/tom/shwfs/datadir_20110727/manual_wfs_0000.dao.av.zrn.

20110727 18:49:47 GMT:   91446
20110727 18:49:47 GMT:   -2382
20110727 18:49:47 GMT:     -33
20110727 18:49:47 GMT:     288
20110727 18:49:47 GMT:     636
20110727 18:49:47 GMT:     108
20110727 18:49:47 GMT:    2830
20110727 18:49:47 GMT:     -12
20110727 18:49:47 GMT:     320
20110727 18:49:47 GMT:      49
20110727 18:49:47 GMT:    -366
20110727 18:49:47 GMT:     -78
20110727 18:49:47 GMT:     190
20110727 18:49:47 GMT:     279
20110727 18:49:47 GMT:     -93
20110727 18:49:47 GMT:     -60
20110727 18:49:47 GMT:    -189
20110727 18:49:47 GMT:     -37
20110727 18:49:47 GMT:      48
20110727 18:49:47 GMT: 

20110727 18:49:47 GMT: Mask is 0001101010101100100.

20110727 18:49:47 GMT: * /u1/tom/shwfs/datadir_20110727/manual_wfs_0000.dao.sub.zrn 0001111111111111111

20110727 18:49:47 GMT: /home/tom/shwfs/pup_psf /u1/tom/shwfs/datadir_20110727/manual_wfs_0000.dao.sub.zrn 0001111111111111111 0 .5 25 0

20110727 18:49:48 GMT: 46035    19   286  1006     5   115   120   107    32    56    17  1066

20110727 18:49:48 GMT: Mask is 0001101010101100100.

20110727 18:49:48 GMT: *  10.1  31.5  41.2   1.8  10.3  61.4  -8.9 -33.8 -19.5  37.4 -16.0 -72.3 -46.8  25.2  20.9 -10.9 -59.4 -32.4 -18.7  16.8   4.5   8.5  -6.8 -76.5 -50.7  24.8  58.1 -25.1 -91.5 -61.6  59.4  43.4 -57.2  -8.5 -39.3  37.4  64.2  -8.7  47.9  80.1  68.3   9.6  31.8  70.0  44.2   5.3  -7.1 -11.8 -29.3 -39.3 -51.7 -46.0 -12.9 -20.0 -17.4 -10.4  -7.3 -22.6  -1.8  14.9  21.4  -8.8  14.9  48.0  52.0 -15.5   4.7  -5.4  56.5  49.9 -26.3 -33.9 -10.6  34.3   9.2 -31.2  46.4   5.4 -18.7 -22.0 108.3  47.6 -50.8 -38.9  -3.5  20.5   7.2 -78.9 -58.6  33.7 -42.9 -110.1 -64.6  57.6  -6.8 -68.5 -32.8  60.5 -17.8   0.1  94.0 -17.5  29.1  56.0 

20110727 18:49:48 GMT: * Added zernike labels to default.log.

20110727 18:49:48 GMT: * Added zernike coefficients to default.log.

20110727 18:49:48 GMT: -----------------------------

20110727 18:49:48 GMT: 

20110727 18:50:42 GMT: * Done Centroiding.

20110727 18:50:42 GMT: * Averaging list: /u1/tom/shwfs/datadir_20110727/manual_wfs_0001.dao

20110727 18:50:42 GMT: * pwd is /u1/tom/shwfs/datadir_20110727

20110727 18:50:42 GMT: * Done Averaging--> /u1/tom/shwfs/datadir_20110727/manual_wfs_0001.dao.av

20110727 18:50:42 GMT: * Finding aberrations for /u1/tom/shwfs/datadir_20110727/manual_wfs_0001.dao.av

20110727 18:50:42 GMT: * linked spots: 143 link

20110727 18:50:42 GMT: * Aberration routines finished.

20110727 18:50:42 GMT: * Displaying Zernike coeffs for /u1/tom/shwfs/datadir_20110727/manual_wfs_0001.dao.av.zrn.

20110727 18:50:42 GMT:   91577
20110727 18:50:42 GMT:    -667
20110727 18:50:42 GMT:    -398
20110727 18:50:42 GMT:    1132
20110727 18:50:42 GMT:      98
20110727 18:50:42 GMT:     130
20110727 18:50:42 GMT:    2701
20110727 18:50:42 GMT:     -39
20110727 18:50:42 GMT:     214
20110727 18:50:42 GMT:     409
20110727 18:50:42 GMT:    -383
20110727 18:50:42 GMT:      28
20110727 18:50:42 GMT:      17
20110727 18:50:42 GMT:     113
20110727 18:50:42 GMT:     -43
20110727 18:50:42 GMT:    -134
20110727 18:50:42 GMT:     -89
20110727 18:50:42 GMT:      34
20110727 18:50:42 GMT:      63
20110727 18:50:42 GMT: 

20110727 18:50:42 GMT: Mask is 0001001011100000000.

20110727 18:50:42 GMT: * /u1/tom/shwfs/datadir_20110727/manual_wfs_0001.dao.sub.zrn 0001111111111111111

20110727 18:50:42 GMT: /home/tom/shwfs/pup_psf /u1/tom/shwfs/datadir_20110727/manual_wfs_0001.dao.sub.zrn 0001111111111111111 0 .5 25 0

20110727 18:50:42 GMT: 46086   226   468   960    17   164   123    36    41    28    23  1089

20110727 18:50:42 GMT: Mask is 0001001011100000000.

20110727 18:50:42 GMT: *  17.3  32.2  36.9   0.8   5.7  47.0 -17.0 -49.4 -31.3  22.4 -29.5 -75.2 -55.6  21.6  13.2  10.9 -53.8 -46.6  10.1  53.5  29.6 -27.7 -24.9 -11.7   1.8   9.3   4.3 -12.4 -59.7 -24.9  40.7  18.9 -25.6 -20.6 -27.6  51.5  49.8 -23.3  12.3  58.8  57.9 -14.8  13.4  40.3  37.5  -4.8   2.3   6.6 -19.7 -12.1 -11.8 -11.1   0.5 -20.9 -32.4   4.7  -0.8 -55.9   5.3  42.9  28.2 -35.0  27.7  77.4  56.2 -40.9  -9.0  -5.6  66.9  50.6 -33.4 -64.9 -26.9  39.3  23.3  -3.8  -1.7  -9.5  -4.2  12.5  71.3  21.9 -52.4 -17.2  41.1  16.4  22.2 -64.8 -53.8  46.6 -10.6 -61.1 -58.4  34.2  -1.8 -33.9 -34.4  17.4  -7.7 -11.5  28.7  -5.7   0.6   6.7 

20110727 18:50:42 GMT: * Added zernike coefficients to default.log.

20110727 18:50:42 GMT: -----------------------------

20110727 18:50:42 GMT: 

20110727 18:51:32 GMT: * Done Centroiding.

20110727 18:51:32 GMT: * Averaging list: /u1/tom/shwfs/datadir_20110727/manual_wfs_0002.dao

20110727 18:51:32 GMT: * pwd is /u1/tom/shwfs/datadir_20110727

20110727 18:51:32 GMT: * Done Averaging--> /u1/tom/shwfs/datadir_20110727/manual_wfs_0002.dao.av

20110727 18:51:32 GMT: * Finding aberrations for /u1/tom/shwfs/datadir_20110727/manual_wfs_0002.dao.av

20110727 18:51:32 GMT: * linked spots: 143 link

20110727 18:51:32 GMT: * Aberration routines finished.

20110727 18:51:32 GMT: * Displaying Zernike coeffs for /u1/tom/shwfs/datadir_20110727/manual_wfs_0002.dao.av.zrn.

20110727 18:51:32 GMT:   95830
20110727 18:51:32 GMT:  -10503
20110727 18:51:32 GMT:    -826
20110727 18:51:32 GMT:     723
20110727 18:51:32 GMT:     -53
20110727 18:51:32 GMT:    1112
20110727 18:51:32 GMT:      -3
20110727 18:51:32 GMT:       5
20110727 18:51:32 GMT:      60
20110727 18:51:32 GMT:    -105
20110727 18:51:32 GMT:    -299
20110727 18:51:32 GMT:      24
20110727 18:51:32 GMT:     -84
20110727 18:51:32 GMT:     256
20110727 18:51:32 GMT:     -13
20110727 18:51:32 GMT:      69
20110727 18:51:32 GMT:    -320
20110727 18:51:32 GMT:      74
20110727 18:51:32 GMT:      53
20110727 18:51:32 GMT: 

20110727 18:51:32 GMT: Mask is 0001010000100100100.

20110727 18:51:32 GMT: * /u1/tom/shwfs/datadir_20110727/manual_wfs_0002.dao.sub.zrn 0001111111111111111

20110727 18:51:32 GMT: /home/tom/shwfs/pup_psf /u1/tom/shwfs/datadir_20110727/manual_wfs_0002.dao.sub.zrn 0001111111111111111 0 .5 25 0

20110727 18:51:33 GMT: 48514   470   298   395     2    43    96    85    20    95    19   523

20110727 18:51:33 GMT: Mask is 0001010000100100100.

20110727 18:51:33 GMT: * -16.4  -7.6   2.6  -3.9  -4.9  35.2  14.1   4.4  -8.2  33.4  16.8 -33.9 -30.5  40.1  14.2 -16.8 -59.7 -21.0  13.2 -14.4 -23.2   7.5  12.7 -53.1 -80.8  26.7  73.6 -19.1 -113.9 -63.1  72.7  41.9 -79.3  -9.5 -42.6  37.1  59.8 -34.8  48.9  75.4  60.8  -5.7  29.3  71.0  42.9  -0.7   2.5  -0.8 -28.7 -24.8 -34.2 -34.6 -24.8  -5.5   7.2 -16.4  -3.2  10.0   2.0  -6.7  13.7  10.5  -5.1  13.1  32.5   1.9  -0.2  -2.2  36.2  26.1  -8.0  10.6  17.3   4.1 -14.8  -3.4  84.0  -1.9 -54.7 -19.1 110.1  57.4 -60.9 -45.6  23.2  23.4  23.5 -60.4 -54.6  40.3 -37.3 -96.4 -58.9  47.9 -13.2 -73.3 -37.5  44.5 -22.7  -7.2  73.9 -16.3  21.2  44.4 

20110727 18:51:33 GMT: * Added zernike coefficients to default.log.

20110727 18:51:33 GMT: -----------------------------

20110727 18:51:33 GMT: 

20120203 00:37:28 GMT:  New Files detected

20120203 00:38:22 GMT:  New Files detected

20120203 00:43:11 GMT: * Done Centroiding.

20120203 00:43:11 GMT: * Averaging list: /u1/tom/shwfs/datadir_20110727/manual_wfs_0002.dao

20120203 00:43:11 GMT: * pwd is /u1/tom/shwfs/datadir_20110727

20120203 00:43:11 GMT: * Done Averaging--> /u1/tom/shwfs/datadir_20110727/manual_wfs_0002.dao.av

20120203 00:43:11 GMT: * Finding aberrations for /u1/tom/shwfs/datadir_20110727/manual_wfs_0002.dao.av

20120203 00:43:11 GMT: * linked spots: 143 link

20120203 00:43:11 GMT: * Aberration routines finished.

20120203 00:43:11 GMT: * Displaying Zernike coeffs for /u1/tom/shwfs/datadir_20110727/manual_wfs_0002.dao.av.zrn.

20120203 00:43:11 GMT:   95830
20120203 00:43:11 GMT:  -10503
20120203 00:43:11 GMT:    -826
20120203 00:43:11 GMT:     723
20120203 00:43:11 GMT:     -53
20120203 00:43:11 GMT:    1112
20120203 00:43:11 GMT:      -3
20120203 00:43:11 GMT:       5
20120203 00:43:11 GMT:      60
20120203 00:43:11 GMT:    -105
20120203 00:43:11 GMT:    -299
20120203 00:43:11 GMT:      24
20120203 00:43:11 GMT:     -84
20120203 00:43:11 GMT:     256
20120203 00:43:11 GMT:     -13
20120203 00:43:11 GMT:      69
20120203 00:43:11 GMT:    -320
20120203 00:43:11 GMT:      74
20120203 00:43:11 GMT:      53
20120203 00:43:11 GMT: 

20120203 00:43:11 GMT: Mask is 0001010000100100100.

20120203 00:43:11 GMT: * /u1/tom/shwfs/datadir_20110727/manual_wfs_0002.dao.sub.zrn 0001111111111111111

20120203 00:43:11 GMT: /home/tom/shwfs/pup_psf /u1/tom/shwfs/datadir_20110727/manual_wfs_0002.dao.sub.zrn 0001111111111111111 0 .5 25 0

20120203 00:43:12 GMT: 48514   470   298   395     2    43    96    85    20    95    19   523

20120203 00:43:12 GMT: Mask is 0001010000100100100.

20120203 00:43:12 GMT: * -16.4  -7.6   2.6  -3.9  -4.9  35.2  14.1   4.4  -8.2  33.4  16.8 -33.9 -30.5  40.1  14.2 -16.8 -59.7 -21.0  13.2 -14.4 -23.2   7.5  12.7 -53.1 -80.8  26.7  73.6 -19.1 -113.9 -63.1  72.7  41.9 -79.3  -9.5 -42.6  37.1  59.8 -34.8  48.9  75.4  60.8  -5.7  29.3  71.0  42.9  -0.7   2.5  -0.8 -28.7 -24.8 -34.2 -34.6 -24.8  -5.5   7.2 -16.4  -3.2  10.0   2.0  -6.7  13.7  10.5  -5.1  13.1  32.5   1.9  -0.2  -2.2  36.2  26.1  -8.0  10.6  17.3   4.1 -14.8  -3.4  84.0  -1.9 -54.7 -19.1 110.1  57.4 -60.9 -45.6  23.2  23.4  23.5 -60.4 -54.6  40.3 -37.3 -96.4 -58.9  47.9 -13.2 -73.3 -37.5  44.5 -22.7  -7.2  73.9 -16.3  21.2  44.4 

20120203 00:43:12 GMT: * Added zernike coefficients to default.log.

20120203 00:43:12 GMT: -----------------------------

20120203 00:43:12 GMT: 

20120719 00:04:18 GMT: No files selected for centroiding

20120719 00:34:48 GMT:  New Files detected

20120719 00:39:52 GMT:  New Files detected

20120719 00:40:34 GMT: * Done Centroiding.

20120719 00:40:34 GMT: * Averaging list: /u1/tom/shwfs/datadir_20110727/manual_wfs_0002.dao

20120719 00:40:34 GMT: * pwd is /u1/tom/shwfs/datadir_20110727

20120719 00:40:34 GMT: * Done Averaging--> /u1/tom/shwfs/datadir_20110727/manual_wfs_0002.dao.av

20120719 00:40:34 GMT: * Finding aberrations for /u1/tom/shwfs/datadir_20110727/manual_wfs_0002.dao.av

20120719 00:40:34 GMT: * linked spots: 143 link

20120719 00:40:34 GMT: * Aberration routines finished.

20120719 00:40:34 GMT: * Displaying Zernike coeffs for /u1/tom/shwfs/datadir_20110727/manual_wfs_0002.dao.av.zrn.

20120719 00:40:34 GMT:   95830
20120719 00:40:34 GMT:  -10503
20120719 00:40:34 GMT:    -826
20120719 00:40:34 GMT:     723
20120719 00:40:34 GMT:     -53
20120719 00:40:34 GMT:    1112
20120719 00:40:34 GMT:      -3
20120719 00:40:34 GMT:       5
20120719 00:40:34 GMT:      59
20120719 00:40:34 GMT:    -105
20120719 00:40:34 GMT:    -299
20120719 00:40:34 GMT:      24
20120719 00:40:34 GMT:     -84
20120719 00:40:34 GMT:     256
20120719 00:40:34 GMT:     -13
20120719 00:40:34 GMT:      69
20120719 00:40:34 GMT:    -320
20120719 00:40:34 GMT:      74
20120719 00:40:34 GMT:      53
20120719 00:40:34 GMT: 

20120719 00:40:34 GMT: Mask is 0001010000100100100.

20120719 00:40:34 GMT: * /u1/tom/shwfs/datadir_20110727/manual_wfs_0002.dao.sub.zrn 0001111111111111111

20120719 00:40:34 GMT: /home/tom/shwfs/pup_psf /u1/tom/shwfs/datadir_20110727/manual_wfs_0002.dao.sub.zrn 0001111111111111111 0 .5 25 0

20120719 00:40:34 GMT: 48514   470   298   395     2    43    96    85    20    95    19   523

20120719 00:40:34 GMT: Mask is 0001010000100100100.

20120719 00:40:34 GMT: * -16.4  -7.6   2.6  -3.9  -4.9  35.2  14.1   4.4  -8.2  33.4  16.8 -33.9 -30.5  40.1  14.2 -16.8 -59.7 -21.0  13.2 -14.4 -23.2   7.5  12.7 -53.1 -80.8  26.7  73.6 -19.1 -113.9 -63.1  72.7  41.9 -79.3  -9.5 -42.6  37.1  59.8 -34.8  48.9  75.4  60.8  -5.7  29.3  71.0  42.9  -0.7   2.5  -0.8 -28.7 -24.8 -34.2 -34.6 -24.8  -5.5   7.2 -16.4  -3.2  10.0   2.0  -6.7  13.7  10.5  -5.1  13.1  32.5   1.9  -0.2  -2.2  36.2  26.1  -8.0  10.6  17.3   4.1 -14.8  -3.4  84.0  -1.9 -54.7 -19.1 110.1  57.4 -60.9 -45.6  23.2  23.4  23.5 -60.4 -54.6  40.3 -37.3 -96.4 -58.9  47.9 -13.2 -73.3 -37.5  44.5 -22.7  -7.2  73.9 -16.3  21.2  44.4 

20120719 00:40:34 GMT: * Added zernike coefficients to default.log.

20120719 00:40:34 GMT: -----------------------------

20120719 00:40:34 GMT: 

20120719 00:48:37 GMT: * Done Centroiding.

20120719 00:48:37 GMT: * Averaging list: /u1/tom/shwfs/datadir_20110727/manual_wfs_0002.dao

20120719 00:48:37 GMT: * pwd is /u1/tom/shwfs/datadir_20110727

20120719 00:48:37 GMT: * Done Averaging--> /u1/tom/shwfs/datadir_20110727/manual_wfs_0002.dao.av

20120719 00:48:37 GMT: * Finding aberrations for /u1/tom/shwfs/datadir_20110727/manual_wfs_0002.dao.av

20120719 00:48:37 GMT: * linked spots: 143 link

20120719 00:48:37 GMT: * Aberration routines finished.

20120719 00:48:37 GMT: * Displaying Zernike coeffs for /u1/tom/shwfs/datadir_20110727/manual_wfs_0002.dao.av.zrn.

20120719 00:48:37 GMT:   95830
20120719 00:48:37 GMT:  -10503
20120719 00:48:37 GMT:    -826
20120719 00:48:37 GMT:     723
20120719 00:48:37 GMT:     -53
20120719 00:48:37 GMT:    1112
20120719 00:48:37 GMT:      -3
20120719 00:48:37 GMT:       5
20120719 00:48:37 GMT:      59
20120719 00:48:37 GMT:    -105
20120719 00:48:37 GMT:    -299
20120719 00:48:37 GMT:      24
20120719 00:48:37 GMT:     -84
20120719 00:48:37 GMT:     256
20120719 00:48:37 GMT:     -13
20120719 00:48:37 GMT:      69
20120719 00:48:37 GMT:    -320
20120719 00:48:37 GMT:      74
20120719 00:48:37 GMT:      53
20120719 00:48:37 GMT: 

20120719 00:48:37 GMT: Mask is 0001010000100100100.

20120719 00:48:37 GMT: * /u1/tom/shwfs/datadir_20110727/manual_wfs_0002.dao.sub.zrn 0001111111111111111

20120719 00:48:37 GMT: /home/tom/shwfs/pup_psf /u1/tom/shwfs/datadir_20110727/manual_wfs_0002.dao.sub.zrn 0001111111111111111 0 .5 25 0

20120719 00:48:38 GMT: 48514   470   298   395     2    43    96    85    20    95    19   523

20120719 00:48:38 GMT: Mask is 0001010000100100100.

20120719 00:48:38 GMT: * -16.4  -7.6   2.6  -3.9  -4.9  35.2  14.1   4.4  -8.2  33.4  16.8 -33.9 -30.5  40.1  14.2 -16.8 -59.7 -21.0  13.2 -14.4 -23.2   7.5  12.7 -53.1 -80.8  26.7  73.6 -19.1 -113.9 -63.1  72.7  41.9 -79.3  -9.5 -42.6  37.1  59.8 -34.8  48.9  75.4  60.8  -5.7  29.3  71.0  42.9  -0.7   2.5  -0.8 -28.7 -24.8 -34.2 -34.6 -24.8  -5.5   7.2 -16.4  -3.2  10.0   2.0  -6.7  13.7  10.5  -5.1  13.1  32.5   1.9  -0.2  -2.2  36.2  26.1  -8.0  10.6  17.3   4.1 -14.8  -3.4  84.0  -1.9 -54.7 -19.1 110.1  57.4 -60.9 -45.6  23.2  23.4  23.5 -60.4 -54.6  40.3 -37.3 -96.4 -58.9  47.9 -13.2 -73.3 -37.5  44.5 -22.7  -7.2  73.9 -16.3  21.2  44.4 

20120719 00:48:38 GMT: * Added zernike coefficients to default.log.

20120719 00:48:38 GMT: -----------------------------

20120719 00:48:38 GMT: 

20120719 00:49:03 GMT: * Done Centroiding.

20120719 00:49:03 GMT: * Averaging list: /u1/tom/shwfs/datadir_20110727/manual_wfs_0001.dao

20120719 00:49:03 GMT: * pwd is /u1/tom/shwfs/datadir_20110727

20120719 00:49:03 GMT: * Done Averaging--> /u1/tom/shwfs/datadir_20110727/manual_wfs_0001.dao.av

20120719 00:49:03 GMT: * Finding aberrations for /u1/tom/shwfs/datadir_20110727/manual_wfs_0001.dao.av

20120719 00:49:03 GMT: * linked spots: 143 link

20120719 00:49:03 GMT: * Aberration routines finished.

20120719 00:49:03 GMT: * Displaying Zernike coeffs for /u1/tom/shwfs/datadir_20110727/manual_wfs_0001.dao.av.zrn.

20120719 00:49:03 GMT:   91577
20120719 00:49:03 GMT:    -667
20120719 00:49:03 GMT:    -398
20120719 00:49:03 GMT:    1132
20120719 00:49:03 GMT:      98
20120719 00:49:03 GMT:     130
20120719 00:49:03 GMT:    2701
20120719 00:49:03 GMT:     -39
20120719 00:49:03 GMT:     214
20120719 00:49:03 GMT:     409
20120719 00:49:03 GMT:    -383
20120719 00:49:03 GMT:      28
20120719 00:49:03 GMT:      17
20120719 00:49:03 GMT:     113
20120719 00:49:03 GMT:     -43
20120719 00:49:03 GMT:    -134
20120719 00:49:03 GMT:     -89
20120719 00:49:03 GMT:      34
20120719 00:49:03 GMT:      63
20120719 00:49:03 GMT: 

20120719 00:49:03 GMT: Mask is 0001001011100000000.

20120719 00:49:03 GMT: * /u1/tom/shwfs/datadir_20110727/manual_wfs_0001.dao.sub.zrn 0001111111111111111

20120719 00:49:03 GMT: /home/tom/shwfs/pup_psf /u1/tom/shwfs/datadir_20110727/manual_wfs_0001.dao.sub.zrn 0001111111111111111 0 .5 25 0

20120719 00:49:03 GMT: 46086   226   468   960    17   164   123    36    41    28    23  1089

20120719 00:49:03 GMT: Mask is 0001001011100000000.

20120719 00:49:03 GMT: *  17.3  32.2  36.9   0.8   5.7  47.0 -17.0 -49.4 -31.3  22.4 -29.5 -75.2 -55.6  21.6  13.2  10.9 -53.8 -46.6  10.1  53.5  29.6 -27.7 -24.9 -11.7   1.8   9.3   4.3 -12.4 -59.7 -24.9  40.7  18.9 -25.6 -20.6 -27.6  51.5  49.8 -23.3  12.3  58.8  57.9 -14.8  13.4  40.3  37.5  -4.8   2.3   6.6 -19.7 -12.1 -11.8 -11.1   0.5 -20.9 -32.4   4.7  -0.8 -55.9   5.3  42.9  28.2 -35.0  27.7  77.4  56.2 -40.9  -9.0  -5.6  66.9  50.6 -33.4 -64.9 -26.8  39.3  23.3  -3.8  -1.7  -9.5  -4.2  12.5  71.3  21.9 -52.4 -17.2  41.1  16.4  22.2 -64.8 -53.8  46.6 -10.6 -61.1 -58.4  34.2  -1.8 -33.8 -34.4  17.4  -7.7 -11.5  28.7  -5.7   0.6   6.7 

20120719 00:49:03 GMT: * Added zernike coefficients to default.log.

20120719 00:49:03 GMT: -----------------------------

20120719 00:49:03 GMT: 

20121010 23:28:09 GMT: * Done Centroiding.

20121010 23:28:09 GMT: * Averaging list: /u1/tom/shwfs/datadir_20110727/manual_wfs_0002.dao

20121010 23:28:09 GMT: * pwd is /u1/tom/shwfs/datadir_20110727

20121010 23:28:09 GMT: * Done Averaging--> /u1/tom/shwfs/datadir_20110727/manual_wfs_0002.dao.av

20121010 23:28:09 GMT: * Finding aberrations for /u1/tom/shwfs/datadir_20110727/manual_wfs_0002.dao.av

20121010 23:28:09 GMT: * linked spots: 143 link

20121010 23:28:09 GMT: * Aberration routines finished.

20121010 23:28:09 GMT: * Displaying Zernike coeffs for /u1/tom/shwfs/datadir_20110727/manual_wfs_0002.dao.av.zrn.

20121010 23:28:09 GMT:   95830
20121010 23:28:09 GMT:  -10503
20121010 23:28:09 GMT:    -826
20121010 23:28:09 GMT:     723
20121010 23:28:09 GMT:     -53
20121010 23:28:09 GMT:    1112
20121010 23:28:09 GMT:      -3
20121010 23:28:09 GMT:       5
20121010 23:28:09 GMT:      59
20121010 23:28:09 GMT:    -105
20121010 23:28:09 GMT:    -299
20121010 23:28:09 GMT:      24
20121010 23:28:09 GMT:     -84
20121010 23:28:09 GMT:     256
20121010 23:28:09 GMT:     -13
20121010 23:28:09 GMT:      69
20121010 23:28:09 GMT:    -320
20121010 23:28:09 GMT:      74
20121010 23:28:09 GMT:      53
20121010 23:28:09 GMT: 

20121010 23:28:09 GMT: Mask is 0001010000100100100.

20121010 23:28:09 GMT: * /u1/tom/shwfs/datadir_20110727/manual_wfs_0002.dao.sub.zrn 0001111111111111111

20121010 23:28:09 GMT: /home/tom/shwfs/pup_psf /u1/tom/shwfs/datadir_20110727/manual_wfs_0002.dao.sub.zrn 0001111111111111111 0 .5 25 0

20121010 23:28:09 GMT: 48514   470   298   395     2    43    96    85    20    95    19   523

20121010 23:28:09 GMT: Mask is 0001010000100100100.

20121011 18:02:12 GMT: * Done Centroiding.

20121011 18:02:12 GMT: * Averaging list: /mmt/shwfs/datadir_20110727/manual_wfs_0002.dao

20121011 18:02:12 GMT: * pwd is /mmt/shwfs/datadir_20110727

20121011 18:02:12 GMT: * Done Averaging--> /mmt/shwfs/datadir_20110727/manual_wfs_0002.dao.av

20121011 18:02:12 GMT: * Finding aberrations for /mmt/shwfs/datadir_20110727/manual_wfs_0002.dao.av

20121011 18:02:13 GMT: * linked spots: 143 link

20121011 18:02:13 GMT: * Aberration routines finished.

20121011 18:02:13 GMT: * Displaying Zernike coeffs for /mmt/shwfs/datadir_20110727/manual_wfs_0002.dao.av.zrn.

20121011 18:02:13 GMT:   95830
20121011 18:02:13 GMT:  -10503
20121011 18:02:13 GMT:    -826
20121011 18:02:13 GMT:     723
20121011 18:02:13 GMT:     -53
20121011 18:02:13 GMT:    1112
20121011 18:02:13 GMT:      -3
20121011 18:02:13 GMT:       5
20121011 18:02:13 GMT:      59
20121011 18:02:13 GMT:    -105
20121011 18:02:13 GMT:    -299
20121011 18:02:13 GMT:      24
20121011 18:02:13 GMT:     -84
20121011 18:02:13 GMT:     256
20121011 18:02:13 GMT:     -13
20121011 18:02:13 GMT:      69
20121011 18:02:13 GMT:    -320
20121011 18:02:13 GMT:      74
20121011 18:02:13 GMT:      53
20121011 18:02:13 GMT: 

20121011 18:02:13 GMT: Mask is 0001010000100100100.

20121011 18:02:13 GMT: * /mmt/shwfs/datadir_20110727/manual_wfs_0002.dao.sub.zrn 0001111111111111111

20121011 18:02:13 GMT: /mmt/shwfs/pup_psf /mmt/shwfs/datadir_20110727/manual_wfs_0002.dao.sub.zrn 0001111111111111111 0 .5 25 0

20121011 18:02:14 GMT: 48514   470   298   395     2    43    96    85    20    95    19   523

20121011 18:02:14 GMT: Mask is 0001010000100100100.

20121011 18:02:14 GMT: * -16.4  -7.6   2.6  -3.9  -4.9  35.2  14.1   4.4  -8.2  33.4  16.8 -33.9 -30.5  40.1  14.2 -16.8 -59.7 -21.0  13.2 -14.4 -23.2   7.5  12.7 -53.1 -80.8  26.7  73.6 -19.1 -113.9 -63.1  72.7  41.9 -79.3  -9.5 -42.6  37.1  59.8 -34.8  48.9  75.4  60.8  -5.7  29.3  71.0  42.9  -0.7   2.5  -0.8 -28.7 -24.8 -34.2 -34.6 -24.8  -5.5   7.2 -16.4  -3.2  10.0   2.0  -6.7  13.7  10.5  -5.1  13.1  32.5   1.9  -0.2  -2.2  36.2  26.1  -8.0  10.6  17.3   4.1 -14.8  -3.4  84.0  -1.9 -54.7 -19.1 110.1  57.4 -60.9 -45.6  23.2  23.4  23.5 -60.4 -54.6  40.3 -37.3 -96.4 -58.9  47.9 -13.2 -73.3 -37.5  44.5 -22.7  -7.2  73.9 -16.3  21.2  44.4 

20121011 18:02:14 GMT: * Added zernike coefficients to default.log.

20121011 18:02:14 GMT: -----------------------------

20121011 18:02:14 GMT: 

